2025-01-15 19:14:22,430 - INFO - Loading configuration from settings.json
2025-01-15 19:14:22,899 - INFO - Configuration saved successfully
2025-01-15 19:14:22,899 - INFO - Configuration saved.
2025-01-15 19:14:27,206 - INFO - Loading configuration from settings.json
2025-01-15 19:14:27,583 - INFO - Starting embeddings test...
2025-01-15 19:14:27,586 - INFO - Use pytorch device_name: cpu
2025-01-15 19:14:27,586 - INFO - Load pretrained SentenceTransformer: sentence-transformers/all-MiniLM-L6-v2
2025-01-15 19:14:29,271 - INFO - Model loaded successfully
2025-01-15 19:14:29,271 - INFO - Testing encoding of: This is a test sentence.
2025-01-15 19:14:29,272 - INFO - Model loaded successfully
2025-01-15 19:14:29,294 - INFO - Generated embeddings type: <class 'torch.Tensor'>
2025-01-15 19:14:29,295 - INFO - Converted tensor to list successfully
2025-01-15 19:14:29,296 - INFO - Test embeddings length: 384
2025-01-15 19:14:29,301 - INFO - Removed existing Qdrant lock file
2025-01-15 19:14:29,335 - INFO - Configuration saved successfully
2025-01-15 19:14:29,336 - INFO - Configuration saved.
2025-01-15 19:14:31,182 - INFO - Loading configuration from settings.json
2025-01-15 19:14:31,518 - INFO - Model loaded successfully
2025-01-15 19:14:31,537 - INFO - Generated embeddings type: <class 'torch.Tensor'>
2025-01-15 19:14:31,537 - INFO - Converted tensor to list successfully
2025-01-15 19:15:33,580 - INFO - Configuration saved successfully
2025-01-15 19:15:33,581 - INFO - Configuration saved.
2025-01-15 22:02:22,907 - INFO - Loading configuration from settings.json
2025-01-15 22:02:23,319 - INFO - Starting embeddings test...
2025-01-15 22:02:23,321 - INFO - Use pytorch device_name: cpu
2025-01-15 22:02:23,321 - INFO - Load pretrained SentenceTransformer: sentence-transformers/all-MiniLM-L6-v2
2025-01-15 22:02:25,039 - INFO - Model loaded successfully
2025-01-15 22:02:25,040 - INFO - Testing encoding of: This is a test sentence.
2025-01-15 22:02:25,040 - INFO - Model loaded successfully
2025-01-15 22:02:25,062 - INFO - Generated embeddings type: <class 'torch.Tensor'>
2025-01-15 22:02:25,063 - INFO - Converted tensor to list successfully
2025-01-15 22:02:25,063 - INFO - Test embeddings length: 384
2025-01-15 22:02:25,069 - INFO - Removed existing Qdrant lock file
2025-01-15 22:02:25,100 - INFO - Configuration saved successfully
2025-01-15 22:02:25,102 - INFO - Configuration saved.
2025-01-15 22:23:31,312 - INFO - Loading configuration from settings.json
2025-01-15 22:23:31,802 - INFO - Model loaded successfully
2025-01-15 22:23:31,919 - INFO - Generated embeddings type: <class 'torch.Tensor'>
2025-01-15 22:23:31,920 - INFO - Converted tensor to list successfully
2025-01-15 22:23:41,980 - INFO - Configuration saved successfully
2025-01-15 22:23:41,981 - INFO - Configuration saved.
2025-01-15 22:26:04,696 - INFO - Loading configuration from settings.json
2025-01-15 22:26:04,972 - INFO - Model loaded successfully
2025-01-15 22:26:04,998 - INFO - Generated embeddings type: <class 'torch.Tensor'>
2025-01-15 22:26:04,998 - INFO - Converted tensor to list successfully
2025-01-15 22:26:17,626 - INFO - Configuration saved successfully
2025-01-15 22:26:17,627 - INFO - Configuration saved.
2025-01-15 22:41:41,190 - INFO - Loading configuration from settings.json
2025-01-15 22:41:41,592 - INFO - Starting embeddings test...
2025-01-15 22:41:41,592 - INFO - Model loaded successfully
2025-01-15 22:41:41,592 - INFO - Testing encoding of: This is a test sentence.
2025-01-15 22:41:41,592 - INFO - Model loaded successfully
2025-01-15 22:41:41,610 - INFO - Generated embeddings type: <class 'torch.Tensor'>
2025-01-15 22:41:41,611 - INFO - Converted tensor to list successfully
2025-01-15 22:41:41,611 - INFO - Test embeddings length: 384
2025-01-15 22:41:41,614 - INFO - Removed existing Qdrant lock file
2025-01-15 22:41:41,644 - INFO - Configuration saved successfully
2025-01-15 22:41:41,645 - INFO - Configuration saved.
2025-01-15 22:41:52,777 - INFO - Loading configuration from settings.json
2025-01-15 22:41:53,118 - INFO - Model loaded successfully
2025-01-15 22:41:53,138 - INFO - Generated embeddings type: <class 'torch.Tensor'>
2025-01-15 22:41:53,139 - INFO - Converted tensor to list successfully
2025-01-15 22:42:03,143 - INFO - Configuration saved successfully
2025-01-15 22:42:03,144 - INFO - Configuration saved.
2025-01-15 22:50:04,206 - INFO - Loading configuration from settings.json
2025-01-15 22:50:04,658 - INFO - Configuration saved successfully
2025-01-15 22:50:04,660 - INFO - Configuration saved.
2025-01-15 22:50:06,944 - INFO - Loading configuration from settings.json
2025-01-15 22:50:07,227 - INFO - Model loaded successfully
2025-01-15 22:50:07,246 - INFO - Generated embeddings type: <class 'torch.Tensor'>
2025-01-15 22:50:07,247 - INFO - Converted tensor to list successfully
2025-01-15 22:50:17,268 - INFO - Configuration saved successfully
2025-01-15 22:50:17,270 - INFO - Configuration saved.
